This is pdfTeX, Version 3.14159265-2.6-1.40.19 (TeX Live 2018) (preloaded format=pdflatex 2018.7.14)  18 MAY 2019 21:06
entering extended mode
 restricted \write18 enabled.
 %&-line parsing enabled.
**dissertation_Ahmed.tex
(./dissertation_Ahmed.tex
LaTeX2e <2018-04-01> patch level 2
Babel <3.18> and hyphenation patterns for 84 language(s) loaded.
(./uathesis.cls
Document Class: uathesis 
(/usr/local/texlive/2018/texmf-dist/tex/latex/base/ifthen.sty
Package: ifthen 2014/09/29 v1.1c Standard LaTeX ifthen package (DPC)
)
(/usr/local/texlive/2018/texmf-dist/tex/latex/base/report.cls
Document Class: report 2014/09/29 v1.4h Standard LaTeX document class
(/usr/local/texlive/2018/texmf-dist/tex/latex/base/size12.clo
File: size12.clo 2014/09/29 v1.4h Standard LaTeX file (size option)
)
\c@part=\count80
\c@chapter=\count81
\c@section=\count82
\c@subsection=\count83
\c@subsubsection=\count84
\c@paragraph=\count85
\c@subparagraph=\count86
\c@figure=\count87
\c@table=\count88
\abovecaptionskip=\skip41
\belowcaptionskip=\skip42
\bibindent=\dimen102
)
(/usr/local/texlive/2018/texmf-dist/tex/latex/lipsum/lipsum.sty
Package: lipsum 2014/07/27 v1.3 150 paragraphs of Lorem Ipsum dummy text
\c@lips@count=\count89
)
(/usr/local/texlive/2018/texmf-dist/tex/latex/titling/titling.sty
Package: titling 2009/09/04 v2.1d maketitle typesetting
\thanksmarkwidth=\skip43
\thanksmargin=\skip44
\droptitle=\skip45
)
(/usr/local/texlive/2018/texmf-dist/tex/latex/geometry/geometry.sty
Package: geometry 2018/03/24 v5.7 Page Geometry

(/usr/local/texlive/2018/texmf-dist/tex/latex/graphics/keyval.sty
Package: keyval 2014/10/28 v1.15 key=value parser (DPC)
\KV@toks@=\toks14
)
(/usr/local/texlive/2018/texmf-dist/tex/generic/oberdiek/ifpdf.sty
Package: ifpdf 2017/03/15 v3.2 Provides the ifpdf switch
)
(/usr/local/texlive/2018/texmf-dist/tex/generic/oberdiek/ifvtex.sty
Package: ifvtex 2016/05/16 v1.6 Detect VTeX and its facilities (HO)
Package ifvtex Info: VTeX not detected.
)
(/usr/local/texlive/2018/texmf-dist/tex/generic/ifxetex/ifxetex.sty
Package: ifxetex 2010/09/12 v0.6 Provides ifxetex conditional
)
\Gm@cnth=\count90
\Gm@cntv=\count91
\c@Gm@tempcnt=\count92
\Gm@bindingoffset=\dimen103
\Gm@wd@mp=\dimen104
\Gm@odd@mp=\dimen105
\Gm@even@mp=\dimen106
\Gm@layoutwidth=\dimen107
\Gm@layoutheight=\dimen108
\Gm@layouthoffset=\dimen109
\Gm@layoutvoffset=\dimen110
\Gm@dimlist=\toks15
)
(/usr/local/texlive/2018/texmf-dist/tex/latex/titlesec/titlesec.sty
Package: titlesec 2016/03/21 v2.10.2 Sectioning titles
\ttl@box=\box26
\beforetitleunit=\skip46
\aftertitleunit=\skip47
\ttl@plus=\dimen111
\ttl@minus=\dimen112
\ttl@toksa=\toks16
\titlewidth=\dimen113
\titlewidthlast=\dimen114
\titlewidthfirst=\dimen115
)
(/usr/local/texlive/2018/texmf-dist/tex/latex/setspace/setspace.sty
Package: setspace 2011/12/19 v6.7a set line spacing
)
(/usr/local/texlive/2018/texmf-dist/tex/latex/textcase/textcase.sty
Package: textcase 2004/10/07 v0.07 Text only upper/lower case changing (DPC)
)
(/usr/local/texlive/2018/texmf-dist/tex/latex/tocloft/tocloft.sty
Package: tocloft 2017/08/31 v2.3i parameterised ToC, etc., typesetting
Package tocloft Info: The document has chapter divisions on input line 51.
\cftparskip=\skip48
\cftbeforetoctitleskip=\skip49
\cftaftertoctitleskip=\skip50
\cftbeforepartskip=\skip51
\cftpartnumwidth=\skip52
\cftpartindent=\skip53
\cftbeforechapskip=\skip54
\cftchapindent=\skip55
\cftchapnumwidth=\skip56
\cftbeforesecskip=\skip57
\cftsecindent=\skip58
\cftsecnumwidth=\skip59
\cftbeforesubsecskip=\skip60
\cftsubsecindent=\skip61
\cftsubsecnumwidth=\skip62
\cftbeforesubsubsecskip=\skip63
\cftsubsubsecindent=\skip64
\cftsubsubsecnumwidth=\skip65
\cftbeforeparaskip=\skip66
\cftparaindent=\skip67
\cftparanumwidth=\skip68
\cftbeforesubparaskip=\skip69
\cftsubparaindent=\skip70
\cftsubparanumwidth=\skip71
\cftbeforeloftitleskip=\skip72
\cftafterloftitleskip=\skip73
\cftbeforefigskip=\skip74
\cftfigindent=\skip75
\cftfignumwidth=\skip76
\c@lofdepth=\count93
\c@lotdepth=\count94
\cftbeforelottitleskip=\skip77
\cftafterlottitleskip=\skip78
\cftbeforetabskip=\skip79
\cfttabindent=\skip80
\cfttabnumwidth=\skip81
)
(/usr/local/texlive/2018/texmf-dist/tex/latex/etoolbox/etoolbox.sty
Package: etoolbox 2018/02/11 v2.5e e-TeX tools for LaTeX (JAW)
\etb@tempcnta=\count95
)
(/usr/local/texlive/2018/texmf-dist/tex/latex/glossaries/base/glossaries.sty
Package: glossaries 2018/04/07 v4.37 (NLCT)

(/usr/local/texlive/2018/texmf-dist/tex/latex/xkeyval/xkeyval.sty
Package: xkeyval 2014/12/03 v2.7a package option processing (HA)

(/usr/local/texlive/2018/texmf-dist/tex/generic/xkeyval/xkeyval.tex
(/usr/local/texlive/2018/texmf-dist/tex/generic/xkeyval/xkvutils.tex
\XKV@toks=\toks17
\XKV@tempa@toks=\toks18
)
\XKV@depth=\count96
File: xkeyval.tex 2014/12/03 v2.7a key=value parser (HA)
))
(/usr/local/texlive/2018/texmf-dist/tex/latex/mfirstuc/mfirstuc.sty
Package: mfirstuc 2017/11/14 v2.06 (NLCT)
\@glsmfirst=\toks19
\@glsmrest=\toks20
)
(/usr/local/texlive/2018/texmf-dist/tex/latex/xfor/xfor.sty
Package: xfor 2009/02/05 v1.05 (NLCT)
)
(/usr/local/texlive/2018/texmf-dist/tex/latex/datatool/datatool-base.sty
Package: datatool-base 2017/11/12 v2.29 (NLCT)

(/usr/local/texlive/2018/texmf-dist/tex/latex/amsmath/amsmath.sty
Package: amsmath 2017/09/02 v2.17a AMS math features
\@mathmargin=\skip82

For additional information on amsmath, use the `?' option.
(/usr/local/texlive/2018/texmf-dist/tex/latex/amsmath/amstext.sty
Package: amstext 2000/06/29 v2.01 AMS text

(/usr/local/texlive/2018/texmf-dist/tex/latex/amsmath/amsgen.sty
File: amsgen.sty 1999/11/30 v2.0 generic functions
\@emptytoks=\toks21
\ex@=\dimen116
))
(/usr/local/texlive/2018/texmf-dist/tex/latex/amsmath/amsbsy.sty
Package: amsbsy 1999/11/29 v1.2d Bold Symbols
\pmbraise@=\dimen117
)
(/usr/local/texlive/2018/texmf-dist/tex/latex/amsmath/amsopn.sty
Package: amsopn 2016/03/08 v2.02 operator names
)
\inf@bad=\count97
LaTeX Info: Redefining \frac on input line 213.
\uproot@=\count98
\leftroot@=\count99
LaTeX Info: Redefining \overline on input line 375.
\classnum@=\count100
\DOTSCASE@=\count101
LaTeX Info: Redefining \ldots on input line 472.
LaTeX Info: Redefining \dots on input line 475.
LaTeX Info: Redefining \cdots on input line 596.
\Mathstrutbox@=\box27
\strutbox@=\box28
\big@size=\dimen118
LaTeX Font Info:    Redeclaring font encoding OML on input line 712.
LaTeX Font Info:    Redeclaring font encoding OMS on input line 713.
\macc@depth=\count102
\c@MaxMatrixCols=\count103
\dotsspace@=\muskip10
\c@parentequation=\count104
\dspbrk@lvl=\count105
\tag@help=\toks22
\row@=\count106
\column@=\count107
\maxfields@=\count108
\andhelp@=\toks23
\eqnshift@=\dimen119
\alignsep@=\dimen120
\tagshift@=\dimen121
\tagwidth@=\dimen122
\totwidth@=\dimen123
\lineht@=\dimen124
\@envbody=\toks24
\multlinegap=\skip83
\multlinetaggap=\skip84
\mathdisplay@stack=\toks25
LaTeX Info: Redefining \[ on input line 2817.
LaTeX Info: Redefining \] on input line 2818.
)
(/usr/local/texlive/2018/texmf-dist/tex/latex/substr/substr.sty
Package: substr 2009/10/20 v1.2 Handle substrings
\c@su@anzahl=\count109
)
(/usr/local/texlive/2018/texmf-dist/tex/latex/datatool/datatool-fp.sty
Package: datatool-fp 2017/11/12 v2.29 (NLCT)

(/usr/local/texlive/2018/texmf-dist/tex/latex/fp/fp.sty
Package: fp 1995/04/02

`Fixed Point Package', Version 0.8, April 2, 1995 (C) Michael Mehlich
(/usr/local/texlive/2018/texmf-dist/tex/latex/fp/defpattern.sty
Package: defpattern 1994/10/12
\actioncount=\count110
)
(/usr/local/texlive/2018/texmf-dist/tex/latex/fp/fp-basic.sty
Package: fp-basic 1996/05/13
\FP@xs=\count111
\FP@xia=\count112
\FP@xib=\count113
\FP@xfa=\count114
\FP@xfb=\count115
\FP@rega=\count116
\FP@regb=\count117
\FP@regs=\count118
\FP@times=\count119
)
(/usr/local/texlive/2018/texmf-dist/tex/latex/fp/fp-addons.sty
Package: fp-addons 1995/03/15
)
(/usr/local/texlive/2018/texmf-dist/tex/latex/fp/fp-snap.sty
Package: fp-snap 1995/04/05
)
(/usr/local/texlive/2018/texmf-dist/tex/latex/fp/fp-exp.sty
Package: fp-exp 1995/04/03
)
(/usr/local/texlive/2018/texmf-dist/tex/latex/fp/fp-trigo.sty
Package: fp-trigo 1995/04/14
)
(/usr/local/texlive/2018/texmf-dist/tex/latex/fp/fp-pas.sty
Package: fp-pas 1994/08/29
)
(/usr/local/texlive/2018/texmf-dist/tex/latex/fp/fp-random.sty
Package: fp-random 1995/02/23
\FPseed=\count120
)
(/usr/local/texlive/2018/texmf-dist/tex/latex/fp/fp-eqn.sty
Package: fp-eqn 1995/04/03
)
(/usr/local/texlive/2018/texmf-dist/tex/latex/fp/fp-upn.sty
Package: fp-upn 1996/10/21
)
(/usr/local/texlive/2018/texmf-dist/tex/latex/fp/fp-eval.sty
Package: fp-eval 1995/04/03
)))
\@dtl@toks=\toks26
\@dtl@tmpcount=\count121
\dtl@tmplength=\skip85
\dtl@sortresult=\count122
\@dtl@numgrpsepcount=\count123
\@dtl@datatype=\count124
\dtl@codeA=\count125
\dtl@codeB=\count126
\@dtl@foreach@level=\count127
)
(/usr/local/texlive/2018/texmf-dist/tex/latex/glossaries/base/glossaries-compat
ible-307.sty
Package: glossaries-compatible-307 2018/04/07 v4.37 (NLCT)
)
\gls@level=\count128
\@gls@tmpb=\toks27
\gls@tmplen=\skip86
\glskeylisttok=\toks28
\glslabeltok=\toks29
\glsshorttok=\toks30
\glslongtok=\toks31

(/usr/local/texlive/2018/texmf-dist/tex/latex/glossaries/styles/glossary-hypern
av.sty
Package: glossary-hypernav 2018/04/07 v4.37 (NLCT)
)
(/usr/local/texlive/2018/texmf-dist/tex/latex/glossaries/styles/glossary-list.s
ty
Package: glossary-list 2018/04/07 v4.37 (NLCT)
\glslistdottedwidth=\skip87
)
(/usr/local/texlive/2018/texmf-dist/tex/latex/glossaries/styles/glossary-long.s
ty
Package: glossary-long 2018/04/07 v4.37 (NLCT)
 (/usr/local/texlive/2018/texmf-dist/tex/latex/tools/longtable.sty
Package: longtable 2014/10/28 v4.11 Multi-page Table package (DPC)
\LTleft=\skip88
\LTright=\skip89
\LTpre=\skip90
\LTpost=\skip91
\LTchunksize=\count129
\LTcapwidth=\dimen125
\LT@head=\box29
\LT@firsthead=\box30
\LT@foot=\box31
\LT@lastfoot=\box32
\LT@cols=\count130
\LT@rows=\count131
\c@LT@tables=\count132
\c@LT@chunks=\count133
\LT@p@ftn=\toks32
)
\glsdescwidth=\skip92
\glspagelistwidth=\skip93
)
(/usr/local/texlive/2018/texmf-dist/tex/latex/glossaries/styles/glossary-super.
sty
Package: glossary-super 2018/04/07 v4.37 (NLCT)
 (/usr/local/texlive/2018/texmf-dist/tex/latex/supertabular/supertabular.sty
Package: supertabular 2004/02/20 v4.1e the supertabular environment
\c@tracingst=\count134
\ST@wd=\dimen126
\ST@rightskip=\skip94
\ST@leftskip=\skip95
\ST@parfillskip=\skip96
\ST@pageleft=\dimen127
\ST@headht=\dimen128
\ST@tailht=\dimen129
\ST@pagesofar=\dimen130
\ST@pboxht=\dimen131
\ST@lineht=\dimen132
\ST@stretchht=\dimen133
\ST@prevht=\dimen134
\ST@toadd=\dimen135
\ST@dimen=\dimen136
\ST@pbox=\box33
))
(/usr/local/texlive/2018/texmf-dist/tex/latex/glossaries/styles/glossary-tree.s
ty
Package: glossary-tree 2018/04/07 v4.37 (NLCT)
\glstreeindent=\skip97
)) (/usr/local/texlive/2018/texmf-dist/tex/generic/babel/babel.sty
Package: babel 2018/02/14 3.18 The Babel package

(/usr/local/texlive/2018/texmf-dist/tex/generic/babel/switch.def
File: switch.def 2018/02/14 3.18 Babel switching mechanism
)
(/usr/local/texlive/2018/texmf-dist/tex/generic/babel-english/english.ldf
Language: english 2017/06/06 v3.3r English support from the babel system

(/usr/local/texlive/2018/texmf-dist/tex/generic/babel/babel.def
File: babel.def 2018/02/14 3.18 Babel common definitions
\babel@savecnt=\count135
\U@D=\dimen137

(/usr/local/texlive/2018/texmf-dist/tex/generic/babel/txtbabel.def)
\bbl@dirlevel=\count136
)
\l@canadian = a dialect from \language\l@american 
\l@australian = a dialect from \language\l@british 
\l@newzealand = a dialect from \language\l@british 
))
(/usr/local/texlive/2018/texmf-dist/tex/latex/base/latexsym.sty
Package: latexsym 1998/08/17 v2.2e Standard LaTeX package (lasy symbols)
\symlasy=\mathgroup4
LaTeX Font Info:    Overwriting symbol font `lasy' in version `bold'
(Font)                  U/lasy/m/n --> U/lasy/b/n on input line 52.
)
(/usr/local/texlive/2018/texmf-dist/tex/latex/graphics/graphicx.sty
Package: graphicx 2017/06/01 v1.1a Enhanced LaTeX Graphics (DPC,SPQR)

(/usr/local/texlive/2018/texmf-dist/tex/latex/graphics/graphics.sty
Package: graphics 2017/06/25 v1.2c Standard LaTeX Graphics (DPC,SPQR)

(/usr/local/texlive/2018/texmf-dist/tex/latex/graphics/trig.sty
Package: trig 2016/01/03 v1.10 sin cos tan (DPC)
)
(/usr/local/texlive/2018/texmf-dist/tex/latex/graphics-cfg/graphics.cfg
File: graphics.cfg 2016/06/04 v1.11 sample graphics configuration
)
Package graphics Info: Driver file: pdftex.def on input line 99.

(/usr/local/texlive/2018/texmf-dist/tex/latex/graphics-def/pdftex.def
File: pdftex.def 2018/01/08 v1.0l Graphics/color driver for pdftex
))
\Gin@req@height=\dimen138
\Gin@req@width=\dimen139
)
(/usr/local/texlive/2018/texmf-dist/tex/latex/framed/framed.sty
Package: framed 2011/10/22 v 0.96: framed or shaded text with page breaks
\OuterFrameSep=\skip98
\fb@frw=\dimen140
\fb@frh=\dimen141
\FrameRule=\dimen142
\FrameSep=\dimen143
)
(/usr/local/texlive/2018/texmf-dist/tex/latex/amsfonts/amsfonts.sty
Package: amsfonts 2013/01/14 v3.01 Basic AMSFonts support
\symAMSa=\mathgroup5
\symAMSb=\mathgroup6
LaTeX Font Info:    Overwriting math alphabet `\mathfrak' in version `bold'
(Font)                  U/euf/m/n --> U/euf/b/n on input line 106.
)
(/usr/local/texlive/2018/texmf-dist/tex/latex/amsfonts/amssymb.sty
Package: amssymb 2013/01/14 v3.01 AMS font symbols
)
(/usr/local/texlive/2018/texmf-dist/tex/latex/graphics/epsfig.sty
Package: epsfig 2017/06/25 v1.7b (e)psfig emulation (SPQR)
\epsfxsize=\dimen144
\epsfysize=\dimen145
)
(/usr/local/texlive/2018/texmf-dist/tex/latex/tools/verbatim.sty
Package: verbatim 2014/10/28 v1.5q LaTeX2e package for verbatim enhancements
\every@verbatim=\toks33
\verbatim@line=\toks34
\verbatim@in@stream=\read1
)
(/usr/local/texlive/2018/texmf-dist/tex/latex/amscls/amsthm.sty
Package: amsthm 2017/10/31 v2.20.4
\thm@style=\toks35
\thm@bodyfont=\toks36
\thm@headfont=\toks37
\thm@notefont=\toks38
\thm@headpunct=\toks39
\thm@preskip=\skip99
\thm@postskip=\skip100
\thm@headsep=\skip101
\dth@everypar=\toks40
)
(/usr/local/texlive/2018/texmf-dist/tex/latex/enumitem/enumitem.sty
Package: enumitem 2011/09/28 v3.5.2 Customized lists
\labelindent=\skip102
\enit@outerparindent=\dimen146
\enit@toks=\toks41
\enit@inbox=\box34
\enitdp@description=\count137
)
(/usr/local/texlive/2018/texmf-dist/tex/latex/multirow/multirow.sty
Package: multirow 2016/11/25 v2.2 Span multiple rows of a table
\multirow@colwidth=\skip103
\multirow@cntb=\count138
\multirow@dima=\skip104
\bigstrutjot=\dimen147
)
(/usr/local/texlive/2018/texmf-dist/tex/latex/listings/listings.sty
\lst@mode=\count139
\lst@gtempboxa=\box35
\lst@token=\toks42
\lst@length=\count140
\lst@currlwidth=\dimen148
\lst@column=\count141
\lst@pos=\count142
\lst@lostspace=\dimen149
\lst@width=\dimen150
\lst@newlines=\count143
\lst@lineno=\count144
\lst@maxwidth=\dimen151

(/usr/local/texlive/2018/texmf-dist/tex/latex/listings/lstmisc.sty
File: lstmisc.sty 2015/06/04 1.6 (Carsten Heinz)
\c@lstnumber=\count145
\lst@skipnumbers=\count146
\lst@framebox=\box36
)
(/usr/local/texlive/2018/texmf-dist/tex/latex/listings/listings.cfg
File: listings.cfg 2015/06/04 1.6 listings configuration
))
Package: listings 2015/06/04 1.6 (Carsten Heinz)

(/usr/local/texlive/2018/texmf-dist/tex/latex/nomencl/nomencl.sty
Package: nomencl 2005/09/22 v4.2 Nomenclature package (LN)
\nomlabelwidth=\dimen152
\nom@tempdim=\dimen153
\nomitemsep=\skip105
)
(/usr/local/texlive/2018/texmf-dist/tex/latex/tools/indentfirst.sty
Package: indentfirst 1995/11/23 v1.03 Indent first paragraph (DPC)
)
(/usr/local/texlive/2018/texmf-dist/tex/latex/base/fontenc.sty
Package: fontenc 2017/04/05 v2.0i Standard LaTeX package

(/usr/local/texlive/2018/texmf-dist/tex/latex/base/t1enc.def
File: t1enc.def 2017/04/05 v2.0i Standard LaTeX file
LaTeX Font Info:    Redeclaring font encoding T1 on input line 48.
))
(/usr/local/texlive/2018/texmf-dist/tex/latex/base/inputenc.sty
Package: inputenc 2018/04/06 v1.3b Input encoding file
\inpenc@prehook=\toks43
\inpenc@posthook=\toks44
)
\@nomenclaturefile=\write3
\openout3 = `dissertation_Ahmed.nlo'.


Writing nomenclature file dissertation_Ahmed.nlo
) (/usr/local/texlive/2018/texmf-dist/tex/latex/cite/cite.sty
LaTeX Info: Redefining \cite on input line 302.
LaTeX Info: Redefining \nocite on input line 332.
Package: cite 2015/02/27  v 5.5
)
(/usr/local/texlive/2018/texmf-dist/tex/latex/graphics/color.sty
Package: color 2016/07/10 v1.1e Standard LaTeX Color (DPC)

(/usr/local/texlive/2018/texmf-dist/tex/latex/graphics-cfg/color.cfg
File: color.cfg 2016/01/02 v1.6 sample color configuration
)
Package color Info: Driver file: pdftex.def on input line 147.
)
(/usr/local/texlive/2018/texmf-dist/tex/latex/placeins/placeins.sty
Package: placeins 2005/04/18  v 2.2
)
(/usr/local/texlive/2018/texmf-dist/tex/latex/tools/calc.sty
Package: calc 2017/05/25 v4.3 Infix arithmetic (KKT,FJ)
\calc@Acount=\count147
\calc@Bcount=\count148
\calc@Adimen=\dimen154
\calc@Bdimen=\dimen155
\calc@Askip=\skip106
\calc@Bskip=\skip107
LaTeX Info: Redefining \setlength on input line 80.
LaTeX Info: Redefining \addtolength on input line 81.
\calc@Ccount=\count149
\calc@Cskip=\skip108
)
(/usr/local/texlive/2018/texmf-dist/tex/latex/tools/array.sty
Package: array 2018/04/07 v2.4g Tabular extension package (FMi)
\col@sep=\dimen156
\ar@mcellbox=\box37
\extrarowheight=\dimen157
\NC@list=\toks45
\extratabsurround=\skip109
\backup@length=\skip110
\ar@cellbox=\box38
)
(/usr/local/texlive/2018/texmf-dist/tex/latex/oberdiek/epstopdf.sty
Package: epstopdf 2016/05/15 v2.6 Conversion with epstopdf on the fly (HO)

(/usr/local/texlive/2018/texmf-dist/tex/latex/oberdiek/epstopdf-base.sty
Package: epstopdf-base 2016/05/15 v2.6 Base part for package epstopdf

(/usr/local/texlive/2018/texmf-dist/tex/generic/oberdiek/infwarerr.sty
Package: infwarerr 2016/05/16 v1.4 Providing info/warning/error messages (HO)
)
(/usr/local/texlive/2018/texmf-dist/tex/latex/oberdiek/grfext.sty
Package: grfext 2016/05/16 v1.2 Manage graphics extensions (HO)

(/usr/local/texlive/2018/texmf-dist/tex/generic/oberdiek/kvdefinekeys.sty
Package: kvdefinekeys 2016/05/16 v1.4 Define keys (HO)

(/usr/local/texlive/2018/texmf-dist/tex/generic/oberdiek/ltxcmds.sty
Package: ltxcmds 2016/05/16 v1.23 LaTeX kernel commands for general use (HO)
)))
(/usr/local/texlive/2018/texmf-dist/tex/latex/oberdiek/kvoptions.sty
Package: kvoptions 2016/05/16 v3.12 Key value format for package options (HO)

(/usr/local/texlive/2018/texmf-dist/tex/generic/oberdiek/kvsetkeys.sty
Package: kvsetkeys 2016/05/16 v1.17 Key value parser (HO)

(/usr/local/texlive/2018/texmf-dist/tex/generic/oberdiek/etexcmds.sty
Package: etexcmds 2016/05/16 v1.6 Avoid name clashes with e-TeX commands (HO)

(/usr/local/texlive/2018/texmf-dist/tex/generic/oberdiek/ifluatex.sty
Package: ifluatex 2016/05/16 v1.4 Provides the ifluatex switch (HO)
Package ifluatex Info: LuaTeX not detected.
)
Package etexcmds Info: Could not find \expanded.
(etexcmds)             That can mean that you are not using pdfTeX 1.50 or
(etexcmds)             that some package has redefined \expanded.
(etexcmds)             In the latter case, load this package earlier.
)))
(/usr/local/texlive/2018/texmf-dist/tex/generic/oberdiek/pdftexcmds.sty
Package: pdftexcmds 2018/01/30 v0.27 Utility functions of pdfTeX for LuaTeX (HO
)
Package pdftexcmds Info: LuaTeX not detected.
Package pdftexcmds Info: \pdf@primitive is available.
Package pdftexcmds Info: \pdf@ifprimitive is available.
Package pdftexcmds Info: \pdfdraftmode found.
)
Package epstopdf-base Info: Redefining graphics rule for `.eps' on input line 4
38.
Package grfext Info: Graphics extension search list:
(grfext)             [.pdf,.png,.jpg,.mps,.jpeg,.jbig2,.jb2,.PDF,.PNG,.JPG,.JPE
G,.JBIG2,.JB2,.eps]
(grfext)             \AppendGraphicsExtensions on input line 456.

(/usr/local/texlive/2018/texmf-dist/tex/latex/latexconfig/epstopdf-sys.cfg
File: epstopdf-sys.cfg 2010/07/13 v1.3 Configuration of (r)epstopdf for TeX Liv
e
)))
(/usr/local/texlive/2018/texmf-dist/tex/latex/morefloats/morefloats.sty
Package: morefloats 2015/07/22 v1.0h Raise limit of unprocessed floats (HMM)
Package morefloats Info: Maximum number of possible floats asked for: 36
(morefloats)             (i.e. 18 more floats).
(morefloats)             LaTeX might run out of memory before this
(morefloats)             (in which case it will notify you).
)
(/usr/local/texlive/2018/texmf-dist/tex/latex/subfig/subfig.sty
Package: subfig 2005/06/28 ver: 1.3 subfig package

(/usr/local/texlive/2018/texmf-dist/tex/latex/caption/caption.sty
Package: caption 2016/02/21 v3.3-144 Customizing captions (AR)

(/usr/local/texlive/2018/texmf-dist/tex/latex/caption/caption3.sty
Package: caption3 2016/05/22 v1.7-166 caption3 kernel (AR)
Package caption3 Info: TeX engine: e-TeX on input line 67.
\captionmargin=\dimen158
\captionmargin@=\dimen159
\captionwidth=\dimen160
\caption@tempdima=\dimen161
\caption@indent=\dimen162
\caption@parindent=\dimen163
\caption@hangindent=\dimen164
)
\c@ContinuedFloat=\count150
Package caption Info: listings package is loaded.
Package caption Info: longtable package is loaded.

(/usr/local/texlive/2018/texmf-dist/tex/latex/caption/ltcaption.sty
Package: ltcaption 2013/06/09 v1.4-94 longtable captions (AR)
)
Package caption Info: supertabular package is loaded.
)
\c@KVtest=\count151
\sf@farskip=\skip111
\sf@captopadj=\dimen165
\sf@capskip=\skip112
\sf@nearskip=\skip113
\c@subfigure=\count152
\c@subfigure@save=\count153
\c@subtable=\count154
\c@subtable@save=\count155
\sf@top=\skip114
\sf@bottom=\skip115
)
(/usr/local/texlive/2018/texmf-dist/tex/latex/subfloat/subfloat.sty
Package: subfloat 2003/08/21 version 2.14

Package `subfloat', Version 2.14 of 2003/08/21.
\c@subfloatfiguremax=\count156
\c@subfloattablemax=\count157
)
(/usr/local/texlive/2018/texmf-dist/tex/latex/float/float.sty
Package: float 2001/11/08 v1.3d Float enhancements (AL)
\c@float@type=\count158
\float@exts=\toks46
\float@box=\box39
\@float@everytoks=\toks47
\@floatcapt=\box40
)
\@float@every@table=\toks48


LaTeX Warning: Unused global option(s):
    [letter].

(./dissertation_Ahmed.aux

LaTeX Warning: Label `GFM-ADI2' multiply defined.


LaTeX Warning: Label `GFM-ADI3' multiply defined.

)
\openout1 = `dissertation_Ahmed.aux'.

LaTeX Font Info:    Checking defaults for OML/cmm/m/it on input line 142.
LaTeX Font Info:    ... okay on input line 142.
LaTeX Font Info:    Checking defaults for T1/cmr/m/n on input line 142.
LaTeX Font Info:    ... okay on input line 142.
LaTeX Font Info:    Checking defaults for OT1/cmr/m/n on input line 142.
LaTeX Font Info:    ... okay on input line 142.
LaTeX Font Info:    Checking defaults for OMS/cmsy/m/n on input line 142.
LaTeX Font Info:    ... okay on input line 142.
LaTeX Font Info:    Checking defaults for OMX/cmex/m/n on input line 142.
LaTeX Font Info:    ... okay on input line 142.
LaTeX Font Info:    Checking defaults for U/cmr/m/n on input line 142.
LaTeX Font Info:    ... okay on input line 142.

*geometry* driver: auto-detecting
*geometry* detected driver: pdftex
*geometry* verbose mode - [ preamble ] result:
* driver: pdftex
* paper: <default>
* layout: <same size as paper>
* layoutoffset:(h,v)=(0.0pt,0.0pt)
* modes: 
* h-part:(L,W,R)=(72.26999pt, 449.87982pt, 92.14519pt)
* v-part:(T,H,B)=(72.26999pt, 650.43001pt, 72.26999pt)
* \paperwidth=614.295pt
* \paperheight=794.96999pt
* \textwidth=449.87982pt
* \textheight=650.43001pt
* \oddsidemargin=0.0pt
* \evensidemargin=0.0pt
* \topmargin=-37.0pt
* \headheight=12.0pt
* \headsep=25.0pt
* \topskip=12.0pt
* \footskip=30.0pt
* \marginparwidth=44.0pt
* \marginparsep=10.0pt
* \columnsep=10.0pt
* \skip\footins=10.8pt plus 4.0pt minus 2.0pt
* \hoffset=0.0pt
* \voffset=0.0pt
* \mag=1000
* \@twocolumnfalse
* \@twosidefalse
* \@mparswitchfalse
* \@reversemarginfalse
* (1in=72.27pt=25.4mm, 1cm=28.453pt)

(/usr/local/texlive/2018/texmf-dist/tex/context/base/mkii/supp-pdf.mkii
[Loading MPS to PDF converter (version 2006.09.02).]
\scratchcounter=\count159
\scratchdimen=\dimen166
\scratchbox=\box41
\nofMPsegments=\count160
\nofMParguments=\count161
\everyMPshowfont=\toks49
\MPscratchCnt=\count162
\MPscratchDim=\dimen167
\MPnumerator=\count163
\makeMPintoPDFobject=\count164
\everyMPtoPDFconversion=\toks50
)
\c@lstlisting=\count165
Package caption Info: Begin \AtBeginDocument code.
Package caption Info: subfig package v1.3 is loaded.
Package caption Info: float package is loaded.
Package caption Info: End \AtBeginDocument code.
 [1

{/usr/local/texlive/2018/texmf-var/fonts/map/pdftex/updmap/pdftex.map}]
[2] (./abstract.tex) [2

] (./dedication.tex)
No file dissertation_Ahmed.nls.
[3

] (./acknowledgments.tex [4

]) [5] (./dissertation_Ahmed.toc
LaTeX Font Info:    Try loading font information for U+lasy on input line 2.

(/usr/local/texlive/2018/texmf-dist/tex/latex/base/ulasy.fd
File: ulasy.fd 1998/08/17 v2.2e LaTeX symbol font definitions
)
LaTeX Font Info:    Try loading font information for U+msa on input line 2.

(/usr/local/texlive/2018/texmf-dist/tex/latex/amsfonts/umsa.fd
File: umsa.fd 2013/01/14 v3.01 AMS symbols A
)
LaTeX Font Info:    Try loading font information for U+msb on input line 2.

(/usr/local/texlive/2018/texmf-dist/tex/latex/amsfonts/umsb.fd
File: umsb.fd 2013/01/14 v3.01 AMS symbols B
) [6] [7])
\tf@toc=\write4
\openout4 = `dissertation_Ahmed.toc'.


[8] (./dissertation_Ahmed.lot)
\tf@lot=\write5
\openout5 = `dissertation_Ahmed.lot'.

 [9

] (./dissertation_Ahmed.lof

LaTeX Warning: Citation `Quan2018' on page x undefined on input line 8.

)
\tf@lof=\write6
\openout6 = `dissertation_Ahmed.lof'.

 [10]
Chapter 1.
(./intro.tex

LaTeX Warning: Citation `Wilson2016' on page 1 undefined on input line 3.


LaTeX Warning: Citation `Im1998' on page 1 undefined on input line 6.


LaTeX Warning: Citation `Rocchia2001' on page 1 undefined on input line 6.


LaTeX Warning: Citation `Luty1992' on page 1 undefined on input line 6.


LaTeX Warning: Citation `Holst1995' on page 1 undefined on input line 6.


LaTeX Warning: Citation `Shestakov2002' on page 1 undefined on input line 6.


LaTeX Warning: Citation `Sayyed-Ahmad2004' on page 1 undefined on input line 6.



LaTeX Warning: Citation `Zhao2011' on page 1 undefined on input line 6.

[1

]

LaTeX Warning: Citation `Geng2013_tree' on page 2 undefined on input line 8.


LaTeX Warning: Citation `Geng2013_Fully' on page 2 undefined on input line 8.


LaTeX Warning: Citation `Wilson2016' on page 2 undefined on input line 8.


LaTeX Warning: Citation `Geng2013_Fully' on page 2 undefined on input line 8.


LaTeX Warning: Citation `Wilson2016' on page 2 undefined on input line 8.


LaTeX Warning: Citation `Geng2013_Fully' on page 2 undefined on input line 8.


LaTeX Warning: Citation `FD_PDE' on page 2 undefined on input line 8.


LaTeX Warning: Citation `Cai2009' on page 2 undefined on input line 10.


LaTeX Warning: Citation `Chen2007' on page 2 undefined on input line 10.


LaTeX Warning: Citation `Geng2007' on page 2 undefined on input line 10.


LaTeX Warning: Citation `Holst2010' on page 2 undefined on input line 10.


LaTeX Warning: Citation `XIE2014' on page 2 undefined on input line 10.


LaTeX Warning: Citation `Zhou_1996' on page 2 undefined on input line 10.


LaTeX Warning: Citation `Geng2017a' on page 2 undefined on input line 10.

[2]

LaTeX Warning: Citation `Geng2007' on page 3 undefined on input line 12.


LaTeX Warning: Citation `Chen2011' on page 3 undefined on input line 12.


LaTeX Warning: Citation `Yu2007' on page 3 undefined on input line 12.


LaTeX Warning: Citation `ZHAO2004' on page 3 undefined on input line 12.


LaTeX Warning: Citation `ZHOU2006' on page 3 undefined on input line 12.


LaTeX Warning: Citation `ZHOU2006_high' on page 3 undefined on input line 12.


LaTeX Warning: Citation `YU2007_3D' on page 3 undefined on input line 12.


LaTeX Warning: Citation `DENG2018' on page 3 undefined on input line 12.


LaTeX Warning: Citation `Li1999' on page 3 undefined on input line 14.


LaTeX Warning: Citation `Liu2013' on page 3 undefined on input line 14.


LaTeX Warning: Citation `Zhao2015' on page 3 undefined on input line 14.


LaTeX Warning: Citation `Li2017' on page 3 undefined on input line 14.


LaTeX Warning: Citation `Zhao2015' on page 3 undefined on input line 14.

[3]

LaTeX Warning: Citation `Geng2017a' on page 4 undefined on input line 16.


LaTeX Warning: Citation `Fedkiw1999' on page 4 undefined on input line 16.


LaTeX Warning: Citation `Geng2013_Fully' on page 4 undefined on input line 19.

[4]

LaTeX Warning: Citation `Geng2013_Fully' on page 5 undefined on input line 24.

[5]) [6]
Chapter 2.
(./protein_data.tex

LaTeX Warning: Citation `RCSB' on page 7 undefined on input line 1.

<figs/1bna_charge.jpg, id=65, 513.92pt x 513.92pt>
File: figs/1bna_charge.jpg Graphic file (type jpg)
<use figs/1bna_charge.jpg>
Package pdftex.def Info: figs/1bna_charge.jpg  used on input line 37.
(pdftex.def)             Requested size: 256.95937pt x 256.95937pt.
LaTeX Font Info:    Try loading font information for OMS+cmr on input line 45.
(/usr/local/texlive/2018/texmf-dist/tex/latex/base/omscmr.fd
File: omscmr.fd 2014/09/29 v2.5h Standard LaTeX font definitions
)
LaTeX Font Info:    Font shape `OMS/cmr/m/n' in size <12> not available
(Font)              Font shape `OMS/cmsy/m/n' tried instead on input line 45.

Overfull \hbox (42.59299pt too wide) in paragraph at lines 45--46
\T1/cmr/m/n/12 read and parse pro-tein data from the web from the web ad-dress 
'https://files.rcsb.org/view/'
 []


LaTeX Warning: Citation `PDB2PQR' on page 7 undefined on input line 46.

) [7

] [8] [9 <./figs/1bna_charge.jpg>]
Chapter 3.
(./PBE.tex
<figs/PBE_domain.pdf, id=76, 322.31136pt x 322.40549pt>
File: figs/PBE_domain.pdf Graphic file (type pdf)
<use figs/PBE_domain.pdf>
Package pdftex.def Info: figs/PBE_domain.pdf  used on input line 6.
(pdftex.def)             Requested size: 193.38829pt x 193.44478pt.
 [10

 <./figs/PBE_domain.pdf>]

LaTeX Warning: Citation `Holst1995' on page 11 undefined on input line 16.


LaTeX Warning: Citation `Holst:1993' on page 11 undefined on input line 28.


LaTeX Warning: Citation `Holst:1993' on page 11 undefined on input line 28.

<figs/M_surface.png, id=150, 816.04875pt x 625.33624pt>
File: figs/M_surface.png Graphic file (type png)
<use figs/M_surface.png>
Package pdftex.def Info: figs/M_surface.png  used on input line 37.
(pdftex.def)             Requested size: 244.81651pt x 187.60231pt.

LaTeX Warning: Citation `Quan2018' on page 11 undefined on input line 40.


LaTeX Warning: Citation `Quan2018' on page 11 undefined on input line 40.

[11]

LaTeX Warning: Citation `LEE1971379' on page 12 undefined on input line 46.


LaTeX Warning: Citation `Fred1977' on page 12 undefined on input line 46.


LaTeX Warning: Citation `Tomasi2005' on page 12 undefined on input line 46.


LaTeX Warning: Citation `Connolly1983' on page 12 undefined on input line 46.


LaTeX Warning: Citation `Hazra2019' on page 12 undefined on input line 46.

<figs/1ajj_surface_white.jpg, id=160, 1241.63875pt x 570.13pt>
File: figs/1ajj_surface_white.jpg Graphic file (type jpg)
<use figs/1ajj_surface_white.jpg>
Package pdftex.def Info: figs/1ajj_surface_white.jpg  used on input line 49.
(pdftex.def)             Requested size: 434.58008pt x 199.5485pt.
[12 <./figs/M_surface.png>]

LaTeX Warning: Citation `MSMS' on page 13 undefined on input line 54.


LaTeX Warning: Citation `Sayyed-Ahmad2004' on page 13 undefined on input line 6
1.


LaTeX Warning: Citation `Shestakov2002' on page 13 undefined on input line 61.


LaTeX Warning: Citation `Zhao2011' on page 13 undefined on input line 61.


LaTeX Warning: Citation `zhao_operator_2014' on page 13 undefined on input line
 61.

[13 <./figs/1ajj_surface_white.jpg>]

LaTeX Warning: Citation `Geng2013_Fully' on page 14 undefined on input line 84.


[14]

LaTeX Warning: Citation `Geng2013_Fully' on page 15 undefined on input line 106
.


LaTeX Warning: Citation `Geng2013_Fully' on page 15 undefined on input line 115
.


LaTeX Warning: Citation `Geng2013_Fully' on page 15 undefined on input line 121
.


LaTeX Warning: Citation `Wilson2016' on page 15 undefined on input line 121.

[15] [16]) [17]
Chapter 4.
(./opt_split.tex

LaTeX Warning: Citation `Cai2009' on page 18 undefined on input line 3.


LaTeX Warning: Citation `Cai2009' on page 18 undefined on input line 21.


LaTeX Warning: Citation `Chen2007' on page 18 undefined on input line 25.

[18

]

LaTeX Warning: Citation `Holst2010' on page 19 undefined on input line 33.


LaTeX Warning: Citation `Holst2010' on page 19 undefined on input line 33.


LaTeX Warning: Citation `Cai2009' on page 19 undefined on input line 35.


LaTeX Warning: Citation `Geng2017a' on page 19 undefined on input line 35.

[19]

LaTeX Warning: Citation `Geng2017a' on page 20 undefined on input line 58.

[20]

LaTeX Warning: Citation `Zhao2011' on page 21 undefined on input line 76.


LaTeX Warning: Citation `Sayyed-Ahmad2004' on page 21 undefined on input line 7
8.


LaTeX Warning: Citation `Shestakov2002' on page 21 undefined on input line 78.


LaTeX Warning: Citation `Zhao2011' on page 21 undefined on input line 78.


LaTeX Warning: Citation `zhao_operator_2014' on page 21 undefined on input line
 78.


LaTeX Warning: Citation `Sayyed-Ahmad2004' on page 21 undefined on input line 7
8.


LaTeX Warning: Citation `Shestakov2002' on page 21 undefined on input line 78.

[21] [22]

LaTeX Warning: Citation `Yu2005' on page 23 undefined on input line 131.

[23]

LaTeX Warning: Citation `Yakonov_1963' on page 24 undefined on input line 139.


LaTeX Warning: Citation `Yanenko_1963' on page 24 undefined on input line 139.


LaTeX Warning: Citation `Yanenko_1967' on page 24 undefined on input line 139.

[24]

LaTeX Warning: Citation `Sharp_Honig' on page 25 undefined on input line 186.

[25]

LaTeX Warning: Citation `GENG_WEI2011' on page 26 undefined on input line 199.


LaTeX Warning: Citation `Gilson' on page 26 undefined on input line 199.


LaTeX Warning: Citation `Sharp_Honig' on page 26 undefined on input line 199.

) [26]
Chapter 5.
(./new_GFM.tex
<figs/PBE1_grid.pdf, id=212, 321.6015pt x 325.11462pt>
File: figs/PBE1_grid.pdf Graphic file (type pdf)
<use figs/PBE1_grid.pdf>
Package pdftex.def Info: figs/PBE1_grid.pdf  used on input line 6.
(pdftex.def)             Requested size: 225.1195pt x 227.57867pt.


LaTeX Warning: Citation `Fedkiw1999' on page 27 undefined on input line 12.


LaTeX Warning: Citation `Liu2000' on page 27 undefined on input line 12.


LaTeX Warning: Citation `Liu2000' on page 27 undefined on input line 12.

[27

 <./figs/PBE1_grid.pdf>]
<figs/1dmib1.pdf, id=230, 263.18326pt x 152.9715pt>
File: figs/1dmib1.pdf Graphic file (type pdf)
<use figs/1dmib1.pdf>
Package pdftex.def Info: figs/1dmib1.pdf  used on input line 22.
(pdftex.def)             Requested size: 394.77393pt x 229.45665pt.
 [28 <./figs/1dmib1.pdf>] [29]
<figs/GFM_2D.pdf, id=282, 322.67952pt x 259.76549pt>
File: figs/GFM_2D.pdf Graphic file (type pdf)
<use figs/GFM_2D.pdf>
Package pdftex.def Info: figs/GFM_2D.pdf  used on input line 79.
(pdftex.def)             Requested size: 193.60919pt x 155.86049pt.
 [30]

LaTeX Warning: Citation `Liu2000' on page 31 undefined on input line 100.


LaTeX Warning: Citation `Liu2000' on page 31 undefined on input line 111.

[31 <./figs/GFM_2D.pdf>] [32] [33]
<figs/GFMcorner.pdf, id=329, 353.7215pt x 234.1829pt>
File: figs/GFMcorner.pdf Graphic file (type pdf)
<use figs/GFMcorner.pdf>
Package pdftex.def Info: figs/GFMcorner.pdf  used on input line 232.
(pdftex.def)             Requested size: 247.60335pt x 163.92691pt.
 [34 <./figs/GFMcorner.pdf>]

LaTeX Warning: Citation `Zhihan2017' on page 35 undefined on input line 252.


LaTeX Warning: Citation `Zhihan2017' on page 35 undefined on input line 252.


LaTeX Warning: Citation `Liu2000' on page 35 undefined on input line 254.

) [35]
Chapter 6.
(./num_vald.tex

LaTeX Warning: Citation `Geng2013_Fully' on page 36 undefined on input line 8.

[36

]
<figs/stab_adi.jpg, id=387, 562.1pt x 421.575pt>
File: figs/stab_adi.jpg Graphic file (type jpg)
<use figs/stab_adi.jpg>
Package pdftex.def Info: figs/stab_adi.jpg  used on input line 21.
(pdftex.def)             Requested size: 216.81pt x 162.60599pt.
<figs/stab_gfmadi.jpg, id=388, 562.1pt x 421.575pt>
File: figs/stab_gfmadi.jpg Graphic file (type jpg)
<use figs/stab_gfmadi.jpg>
Package pdftex.def Info: figs/stab_gfmadi.jpg  used on input line 22.
(pdftex.def)             Requested size: 216.81pt x 162.60599pt.
<figs/stab_gfmlodcn.jpg, id=389, 562.1pt x 421.575pt>
File: figs/stab_gfmlodcn.jpg Graphic file (type jpg)
<use figs/stab_gfmlodcn.jpg>
Package pdftex.def Info: figs/stab_gfmlodcn.jpg  used on input line 24.
(pdftex.def)             Requested size: 216.81pt x 162.60599pt.
<figs/stab_gfmlodie.jpg, id=390, 562.1pt x 421.575pt>
File: figs/stab_gfmlodie.jpg Graphic file (type jpg)
<use figs/stab_gfmlodie.jpg>
Package pdftex.def Info: figs/stab_gfmlodie.jpg  used on input line 25.
(pdftex.def)             Requested size: 216.81pt x 162.60599pt.


LaTeX Warning: Citation `Geng2013_Fully' on page 37 undefined on input line 31.



LaTeX Warning: Citation `Geng2013_Fully' on page 37 undefined on input line 33.


[37] [38 <./figs/stab_adi.jpg> <./figs/stab_gfmadi.jpg> <./figs/stab_gfmlodcn.j
pg> <./figs/stab_gfmlodie.jpg>] [39]
<figs/temp_1.jpg, id=401, 1124.2pt x 843.15pt>
File: figs/temp_1.jpg Graphic file (type jpg)
<use figs/temp_1.jpg>
Package pdftex.def Info: figs/temp_1.jpg  used on input line 83.
(pdftex.def)             Requested size: 216.81pt x 162.60599pt.
<figs/temp_2.jpg, id=402, 1124.2pt x 843.15pt>
File: figs/temp_2.jpg Graphic file (type jpg)
<use figs/temp_2.jpg>
Package pdftex.def Info: figs/temp_2.jpg  used on input line 84.
(pdftex.def)             Requested size: 216.81pt x 162.60599pt.
 [40 <./figs/temp_1.jpg> <./figs/temp_2.jpg>]

LaTeX Warning: Citation `1cbn_paper' on page 41 undefined on input line 101.


LaTeX Warning: Citation `1cbn_paper' on page 41 undefined on input line 101.


LaTeX Warning: Citation `1cbn_paper' on page 41 undefined on input line 101.

[41] [42]
<figs/space_1cbn_sol.jpg, id=412, 1124.2pt x 843.15pt>
File: figs/space_1cbn_sol.jpg Graphic file (type jpg)
<use figs/space_1cbn_sol.jpg>
Package pdftex.def Info: figs/space_1cbn_sol.jpg  used on input line 156.
(pdftex.def)             Requested size: 216.81pt x 162.60599pt.
<figs/space_1cbn_cpu.jpg, id=413, 1124.2pt x 843.15pt>
File: figs/space_1cbn_cpu.jpg Graphic file (type jpg)
<use figs/space_1cbn_cpu.jpg>
Package pdftex.def Info: figs/space_1cbn_cpu.jpg  used on input line 157.
(pdftex.def)             Requested size: 216.81pt x 162.60599pt.
<figs/tend_5.jpg, id=414, 562.1pt x 421.575pt>
File: figs/tend_5.jpg Graphic file (type jpg)
<use figs/tend_5.jpg>
Package pdftex.def Info: figs/tend_5.jpg  used on input line 168.
(pdftex.def)             Requested size: 220.44357pt x 165.33345pt.
<figs/tend_6.jpg, id=415, 562.1pt x 421.575pt>
File: figs/tend_6.jpg Graphic file (type jpg)
<use figs/tend_6.jpg>
Package pdftex.def Info: figs/tend_6.jpg  used on input line 169.
(pdftex.def)             Requested size: 220.44357pt x 165.33345pt.
<figs/tend_7.jpg, id=416, 562.1pt x 421.575pt>
File: figs/tend_7.jpg Graphic file (type jpg)
<use figs/tend_7.jpg>
Package pdftex.def Info: figs/tend_7.jpg  used on input line 171.
(pdftex.def)             Requested size: 220.44357pt x 165.33345pt.
<figs/tend_rel.jpg, id=417, 1124.2pt x 843.15pt>
File: figs/tend_rel.jpg Graphic file (type jpg)
<use figs/tend_rel.jpg>
Package pdftex.def Info: figs/tend_rel.jpg  used on input line 172.
(pdftex.def)             Requested size: 220.44357pt x 165.33347pt.


LaTeX Warning: `!h' float specifier changed to `!ht'.


LaTeX Warning: Citation `Zhao2011' on page 43 undefined on input line 180.

[43 <./figs/space_1cbn_sol.jpg> <./figs/space_1cbn_cpu.jpg>] [44 <./figs/tend_5
.jpg> <./figs/tend_6.jpg> <./figs/tend_7.jpg> <./figs/tend_rel.jpg>] [45]
<figs/1cbn_gfmadi_front_sq.png, id=428, 441.65pt x 441.65pt>
File: figs/1cbn_gfmadi_front_sq.png Graphic file (type png)
<use figs/1cbn_gfmadi_front_sq.png>
Package pdftex.def Info: figs/1cbn_gfmadi_front_sq.png  used on input line 210.

(pdftex.def)             Requested size: 151.76744pt x 151.76964pt.
<figs/1cbn_gfmlodcn_front_sq.png, id=429, 441.65pt x 441.65pt>
File: figs/1cbn_gfmlodcn_front_sq.png Graphic file (type png)
<use figs/1cbn_gfmlodcn_front_sq.png>
Package pdftex.def Info: figs/1cbn_gfmlodcn_front_sq.png  used on input line 21
0.
(pdftex.def)             Requested size: 151.76744pt x 151.76964pt.
<figs/1cbn_gfmlodie_front_sq.png, id=430, 441.65pt x 441.65pt>
File: figs/1cbn_gfmlodie_front_sq.png Graphic file (type png)
<use figs/1cbn_gfmlodie_front_sq.png>
Package pdftex.def Info: figs/1cbn_gfmlodie_front_sq.png  used on input line 21
0.
(pdftex.def)             Requested size: 151.76744pt x 151.76964pt.

Overfull \hbox (5.4225pt too wide) in paragraph at lines 210--210
 [][][] 
 []

<figs/1cbn_gfmlodcn_back.png, id=431, 441.65pt x 441.65pt>
File: figs/1cbn_gfmlodcn_back.png Graphic file (type png)
<use figs/1cbn_gfmlodcn_back.png>
Package pdftex.def Info: figs/1cbn_gfmlodcn_back.png  used on input line 212.
(pdftex.def)             Requested size: 151.76744pt x 151.76964pt.
File: figs/1cbn_gfmlodcn_back.png Graphic file (type png)
<use figs/1cbn_gfmlodcn_back.png>
Package pdftex.def Info: figs/1cbn_gfmlodcn_back.png  used on input line 212.
(pdftex.def)             Requested size: 151.76744pt x 151.76964pt.
<figs/1cbn_gfmlodie_back_scale_1.png, id=432, 441.65pt x 441.65pt>
File: figs/1cbn_gfmlodie_back_scale_1.png Graphic file (type png)
<use figs/1cbn_gfmlodie_back_scale_1.png>
Package pdftex.def Info: figs/1cbn_gfmlodie_back_scale_1.png  used on input lin
e 212.
(pdftex.def)             Requested size: 151.76744pt x 151.76964pt.

Overfull \hbox (5.4225pt too wide) in paragraph at lines 212--212
 [][][][] 
 []


LaTeX Warning: Citation `Geng2007' on page 46 undefined on input line 223.


LaTeX Warning: Citation `Geng2017a' on page 46 undefined on input line 223.

[46 <./figs/1cbn_gfmadi_front_sq.png> <./figs/1cbn_gfmlodcn_front_sq.png> <./fi
gs/1cbn_gfmlodie_front_sq.png> <./figs/1cbn_gfmlodcn_back.png> <./figs/1cbn_gfm
lodie_back_scale_1.png>]
<24_energy.jpg, id=441, 1124.2pt x 843.15pt>
File: 24_energy.jpg Graphic file (type jpg)
<use 24_energy.jpg>
Package pdftex.def Info: 24_energy.jpg  used on input line 266.
(pdftex.def)             Requested size: 449.87788pt x 270.00648pt.
<figs/24_energy_diff.jpg, id=442, 1124.2pt x 843.15pt>
File: figs/24_energy_diff.jpg Graphic file (type jpg)
<use figs/24_energy_diff.jpg>
Package pdftex.def Info: figs/24_energy_diff.jpg  used on input line 268.
(pdftex.def)             Requested size: 449.87788pt x 270.00648pt.
 [47]
<figs/CPU_time.png, id=447, 1124.2pt x 843.15pt>
File: figs/CPU_time.png Graphic file (type png)
<use figs/CPU_time.png>
Package pdftex.def Info: figs/CPU_time.png  used on input line 277.
(pdftex.def)             Requested size: 449.87788pt x 299.99577pt.
 [48 <./24_energy.jpg> <./figs/24_energy_diff.jpg>]

LaTeX Warning: Citation `Leeper2005' on page 49 undefined on input line 284.

[49 <./figs/CPU_time.png (PNG copy)>]
<figs/complex_front.png, id=455, 401.5pt x 401.5pt>
File: figs/complex_front.png Graphic file (type png)
<use figs/complex_front.png>
Package pdftex.def Info: figs/complex_front.png  used on input line 313.
(pdftex.def)             Requested size: 216.81pt x 216.81288pt.
<figs/protein_back.png, id=456, 400.49625pt x 401.5pt>
File: figs/protein_back.png Graphic file (type png)
<use figs/protein_back.png>
Package pdftex.def Info: figs/protein_back.png  used on input line 313.
(pdftex.def)             Requested size: 216.81pt x 217.35814pt.
<figs/rna_front.png, id=457, 400.49625pt x 402.50375pt>
File: figs/rna_front.png Graphic file (type png)
<use figs/rna_front.png>
Package pdftex.def Info: figs/rna_front.png  used on input line 315.
(pdftex.def)             Requested size: 216.81pt x 217.90154pt.
<figs/protein_front_scale_right.png, id=458, 401.5pt x 401.5pt>
File: figs/protein_front_scale_right.png Graphic file (type png)
<use figs/protein_front_scale_right.png>
Package pdftex.def Info: figs/protein_front_scale_right.png  used on input line
 315.
(pdftex.def)             Requested size: 216.81pt x 216.81288pt.


LaTeX Warning: Citation `Geng2017a' on page 50 undefined on input line 323.


LaTeX Warning: Citation `drug2012' on page 50 undefined on input line 323.

[50]
Underfull \hbox (badness 10000) in paragraph at lines 331--333

 []

[51 <./figs/complex_front.png> <./figs/protein_back.png> <./figs/rna_front.png>
 <./figs/protein_front_scale_right.png>]
<figs/1beb_Tend50_TTol_neg4.png, id=470, 1124.2pt x 843.15pt>
File: figs/1beb_Tend50_TTol_neg4.png Graphic file (type png)
<use figs/1beb_Tend50_TTol_neg4.png>
Package pdftex.def Info: figs/1beb_Tend50_TTol_neg4.png  used on input line 340
.
(pdftex.def)             Requested size: 216.81pt x 162.60599pt.
<figs/1emv_Tend50_TTol_neg4.png, id=471, 1124.2pt x 843.15pt>
File: figs/1emv_Tend50_TTol_neg4.png Graphic file (type png)
<use figs/1emv_Tend50_TTol_neg4.png>
Package pdftex.def Info: figs/1emv_Tend50_TTol_neg4.png  used on input line 341
.
(pdftex.def)             Requested size: 216.81pt x 162.60599pt.


LaTeX Warning: Citation `Zhao2011' on page 52 undefined on input line 366.


LaTeX Warning: Citation `Zhan_2011' on page 52 undefined on input line 366.

[52]) [53 <./figs/1beb_Tend50_TTol_neg4.png (PNG copy)> <./figs/1emv_Tend50_TTo
l_neg4.png (PNG copy)>]
Chapter 7.
(./conclusions.tex

LaTeX Warning: Citation `Geng2007' on page 54 undefined on input line 1.


LaTeX Warning: Citation `Chen2011' on page 54 undefined on input line 1.


LaTeX Warning: Citation `Yu2007' on page 54 undefined on input line 1.


LaTeX Warning: Citation `ZHAO2004' on page 54 undefined on input line 1.


LaTeX Warning: Citation `ZHOU2006' on page 54 undefined on input line 1.


LaTeX Warning: Citation `ZHOU2006_high' on page 54 undefined on input line 1.


LaTeX Warning: Citation `YU2007_3D' on page 54 undefined on input line 1.


LaTeX Warning: Citation `Liu2000' on page 54 undefined on input line 3.


LaTeX Warning: Citation `Geng2013_Fully' on page 54 undefined on input line 5.


LaTeX Warning: Citation `Wilson2016' on page 54 undefined on input line 5.


LaTeX Warning: Citation `Wilson2016' on page 54 undefined on input line 5.

[54

]

LaTeX Warning: Citation `GENG_WEI2011' on page 55 undefined on input line 7.

)
No file dissertation_Ahmed.bbl.
(./appa.tex) [55] (./dissertation_Ahmed.aux)

LaTeX Warning: There were undefined references.


LaTeX Warning: There were multiply-defined labels.

 ) 
Here is how much of TeX's memory you used:
 12324 strings out of 492649
 182684 string characters out of 6129622
 428099 words of memory out of 5000000
 15834 multiletter control sequences out of 15000+600000
 14842 words of font info for 45 fonts, out of 8000000 for 9000
 1141 hyphenation exceptions out of 8191
 61i,15n,96p,2033b,539s stack positions out of 5000i,500n,10000p,200000b,80000s
{/usr/local/texlive/2018/texmf-dist/fonts/enc/dvips/cm-super/cm-super-t1.enc}
</usr/local/texlive/2018/texmf-dist/fonts/type1/public/amsfonts/cm/cmbx12.pfb><
/usr/local/texlive/2018/texmf-dist/fonts/type1/public/amsfonts/cm/cmbx8.pfb></u
sr/local/texlive/2018/texmf-dist/fonts/type1/public/amsfonts/cm/cmex10.pfb></us
r/local/texlive/2018/texmf-dist/fonts/type1/public/amsfonts/cmextra/cmex8.pfb><
/usr/local/texlive/2018/texmf-dist/fonts/type1/public/amsfonts/cm/cmmi12.pfb></
usr/local/texlive/2018/texmf-dist/fonts/type1/public/amsfonts/cm/cmmi6.pfb></us
r/local/texlive/2018/texmf-dist/fonts/type1/public/amsfonts/cm/cmmi8.pfb></usr/
local/texlive/2018/texmf-dist/fonts/type1/public/amsfonts/cm/cmr12.pfb></usr/lo
cal/texlive/2018/texmf-dist/fonts/type1/public/amsfonts/cm/cmr6.pfb></usr/local
/texlive/2018/texmf-dist/fonts/type1/public/amsfonts/cm/cmr8.pfb></usr/local/te
xlive/2018/texmf-dist/fonts/type1/public/amsfonts/cm/cmsy10.pfb></usr/local/tex
live/2018/texmf-dist/fonts/type1/public/amsfonts/cm/cmsy8.pfb></usr/local/texli
ve/2018/texmf-dist/fonts/type1/public/amsfonts/symbols/msam10.pfb></usr/local/t
exlive/2018/texmf-dist/fonts/type1/public/amsfonts/symbols/msbm10.pfb></usr/loc
al/texlive/2018/texmf-dist/fonts/type1/public/cm-super/sfbx0800.pfb></usr/local
/texlive/2018/texmf-dist/fonts/type1/public/cm-super/sfbx1200.pfb></usr/local/t
exlive/2018/texmf-dist/fonts/type1/public/cm-super/sfrm0800.pfb></usr/local/tex
live/2018/texmf-dist/fonts/type1/public/cm-super/sfrm1200.pfb></usr/local/texli
ve/2018/texmf-dist/fonts/type1/public/cm-super/sfti1200.pfb>
Output written on dissertation_Ahmed.pdf (66 pages, 4863550 bytes).
PDF statistics:
 547 PDF objects out of 1000 (max. 8388607)
 286 compressed objects within 3 object streams
 0 named destinations out of 1000 (max. 500000)
 171 words of extra memory for PDF output out of 10000 (max. 10000000)

